{
  "stats": {
    "suites": 12,
    "tests": 41,
    "passes": 23,
    "pending": 0,
    "failures": 18,
    "start": "2022-01-31T13:32:44.278Z",
    "end": "2022-01-31T13:34:07.247Z",
    "duration": 82969,
    "testsRegistered": 41,
    "passPercent": 56.09756097560976,
    "pendingPercent": 0,
    "other": 0,
    "hasOther": false,
    "skipped": 0,
    "hasSkipped": false
  },
  "results": [
    {
      "uuid": "cd14946a-32cf-4e42-b2a0-18d47b31c311",
      "title": "",
      "fullFile": "cypress/integration/project.spec.js",
      "file": "cypress/integration/project.spec.js",
      "beforeHooks": [],
      "afterHooks": [],
      "tests": [],
      "suites": [
        {
          "uuid": "fddbf5fd-6384-4eb7-9642-79fbe2964952",
          "title": "1 - Adicione à página o título \"Paleta de Cores\".",
          "fullFile": "",
          "file": "",
          "beforeHooks": [],
          "afterHooks": [],
          "tests": [
            {
              "title": "Verifica se contém um elemento `h1` com o id `title` com o título correto",
              "fullTitle": "1 - Adicione à página o título \"Paleta de Cores\". Verifica se contém um elemento `h1` com o id `title` com o título correto",
              "timedOut": null,
              "duration": 644,
              "state": "passed",
              "speed": "slow",
              "pass": true,
              "fail": false,
              "pending": false,
              "context": null,
              "code": "cy.get('h1#title').should('contain.text', 'Paleta de Cores');",
              "err": {},
              "uuid": "d2350216-c69d-4d1c-b147-0f8628d72802",
              "parentUUID": "fddbf5fd-6384-4eb7-9642-79fbe2964952",
              "isHook": false,
              "skipped": false
            }
          ],
          "suites": [],
          "passes": [
            "d2350216-c69d-4d1c-b147-0f8628d72802"
          ],
          "failures": [],
          "pending": [],
          "skipped": [],
          "duration": 644,
          "root": false,
          "rootEmpty": false,
          "_timeout": 2000
        },
        {
          "uuid": "6e253518-6dbe-4270-9a9b-94c7865d4298",
          "title": "2 - Adicione à página uma paleta de quatro cores distintas.",
          "fullFile": "",
          "file": "",
          "beforeHooks": [],
          "afterHooks": [],
          "tests": [
            {
              "title": "A paleta de cores deve ser um elemento com `id` denominado `color-palette`",
              "fullTitle": "2 - Adicione à página uma paleta de quatro cores distintas. A paleta de cores deve ser um elemento com `id` denominado `color-palette`",
              "timedOut": null,
              "duration": 167,
              "state": "passed",
              "speed": "slow",
              "pass": true,
              "fail": false,
              "pending": false,
              "context": null,
              "code": "cy.get('#color-palette').should('be.visible');\ncy.get('#color-palette').children('.color');",
              "err": {},
              "uuid": "da260c70-a18f-426e-b739-92f8b06e7d2c",
              "parentUUID": "6e253518-6dbe-4270-9a9b-94c7865d4298",
              "isHook": false,
              "skipped": false
            },
            {
              "title": "Verifica se cada cor individual da paleta de cores possui a `classe` chamada `color`.",
              "fullTitle": "2 - Adicione à página uma paleta de quatro cores distintas. Verifica se cada cor individual da paleta de cores possui a `classe` chamada `color`.",
              "timedOut": null,
              "duration": 155,
              "state": "passed",
              "speed": "slow",
              "pass": true,
              "fail": false,
              "pending": false,
              "context": null,
              "code": "cy.get('.color').should('have.length', 4).then(function (colors) {\n  for (var i = 0; i < colors.length; i++) {\n    cy.wrap(colors[i]).should('be.visible');\n  }\n});",
              "err": {},
              "uuid": "bb330ed2-085e-48d9-bae4-fe1c4ab96ac1",
              "parentUUID": "6e253518-6dbe-4270-9a9b-94c7865d4298",
              "isHook": false,
              "skipped": false
            },
            {
              "title": "Verifica se a cor de fundo de cada elemento da paleta é a cor que o elemento representa. **A única cor não permitida na paleta é a cor branca.**",
              "fullTitle": "2 - Adicione à página uma paleta de quatro cores distintas. Verifica se a cor de fundo de cada elemento da paleta é a cor que o elemento representa. **A única cor não permitida na paleta é a cor branca.**",
              "timedOut": null,
              "duration": 149,
              "state": "passed",
              "speed": "slow",
              "pass": true,
              "fail": false,
              "pending": false,
              "context": null,
              "code": "cy.get('.color').each(function (color) {\n  cy.wrap(color).should('have.class', 'color').and('not.have.css', 'background-color', WHITE);\n  cy.wrap(color).should('have.css', 'background-color');\n});",
              "err": {},
              "uuid": "af62ecf5-f539-4898-9a1f-6e9b345e41cd",
              "parentUUID": "6e253518-6dbe-4270-9a9b-94c7865d4298",
              "isHook": false,
              "skipped": false
            },
            {
              "title": "Verifica se cada elemento da paleta de cores tem uma borda preta, sólida e com 1 pixel de largura;",
              "fullTitle": "2 - Adicione à página uma paleta de quatro cores distintas. Verifica se cada elemento da paleta de cores tem uma borda preta, sólida e com 1 pixel de largura;",
              "timedOut": null,
              "duration": 116,
              "state": "passed",
              "speed": "slow",
              "pass": true,
              "fail": false,
              "pending": false,
              "context": null,
              "code": "cy.get('.color').each(function (color) {\n  cy.wrap(color).and('have.css', 'border', \"1px solid \".concat(BLACK)).and('have.class', 'color');\n});",
              "err": {},
              "uuid": "600264e0-ba09-4c87-9d7f-f34e480cf21c",
              "parentUUID": "6e253518-6dbe-4270-9a9b-94c7865d4298",
              "isHook": false,
              "skipped": false
            },
            {
              "title": "Verifica se a paleta lista todas as cores disponíveis para utilização, lado a lado.",
              "fullTitle": "2 - Adicione à página uma paleta de quatro cores distintas. Verifica se a paleta lista todas as cores disponíveis para utilização, lado a lado.",
              "timedOut": null,
              "duration": 115,
              "state": "passed",
              "speed": "slow",
              "pass": true,
              "fail": false,
              "pending": false,
              "context": null,
              "code": "cy.get('.color').then(function (colors) {\n  for (var index = 1; index < colors.length; index += 1) {\n    var currentColor = colors[index];\n    var previousColor = colors[index - 1];\n    cy.wrap(currentColor).should('be.onTheRightOf', previousColor).and('be.horizontallyAlignedWith', previousColor);\n  }\n});",
              "err": {},
              "uuid": "54a8c14f-89c8-4760-b254-1846d2f3a3eb",
              "parentUUID": "6e253518-6dbe-4270-9a9b-94c7865d4298",
              "isHook": false,
              "skipped": false
            },
            {
              "title": "Verifica se a paleta de cores está posicionada abaixo do título 'Paleta de Cores'",
              "fullTitle": "2 - Adicione à página uma paleta de quatro cores distintas. Verifica se a paleta de cores está posicionada abaixo do título 'Paleta de Cores'",
              "timedOut": null,
              "duration": 101,
              "state": "passed",
              "speed": "slow",
              "pass": true,
              "fail": false,
              "pending": false,
              "context": null,
              "code": "cy.get('h1#title').then(function (title) {\n  cy.get('#color-palette').should('be.belowOf', title);\n});",
              "err": {},
              "uuid": "27fda204-4644-4711-a408-9c52099b4145",
              "parentUUID": "6e253518-6dbe-4270-9a9b-94c7865d4298",
              "isHook": false,
              "skipped": false
            },
            {
              "title": "Verifica se a paleta de cores não contém cores repetidas.",
              "fullTitle": "2 - Adicione à página uma paleta de quatro cores distintas. Verifica se a paleta de cores não contém cores repetidas.",
              "timedOut": null,
              "duration": 105,
              "state": "passed",
              "speed": "slow",
              "pass": true,
              "fail": false,
              "pending": false,
              "context": null,
              "code": "cy.get('.color').then(function (colors) {\n  var allColors = Array.from(colors).map(function (color) {\n    return Cypress.$(color).css('background-color');\n  });\n  cy.log(allColors);\n  var uniqColors = (0, _toConsumableArray2[\"default\"])(new Set(allColors));\n  cy.log(uniqColors);\n  expect(allColors.length).to.eq(uniqColors.length);\n});",
              "err": {},
              "uuid": "99341b34-6a1f-445c-b400-e4df2923e65d",
              "parentUUID": "6e253518-6dbe-4270-9a9b-94c7865d4298",
              "isHook": false,
              "skipped": false
            }
          ],
          "suites": [],
          "passes": [
            "da260c70-a18f-426e-b739-92f8b06e7d2c",
            "bb330ed2-085e-48d9-bae4-fe1c4ab96ac1",
            "af62ecf5-f539-4898-9a1f-6e9b345e41cd",
            "600264e0-ba09-4c87-9d7f-f34e480cf21c",
            "54a8c14f-89c8-4760-b254-1846d2f3a3eb",
            "27fda204-4644-4711-a408-9c52099b4145",
            "99341b34-6a1f-445c-b400-e4df2923e65d"
          ],
          "failures": [],
          "pending": [],
          "skipped": [],
          "duration": 908,
          "root": false,
          "rootEmpty": false,
          "_timeout": 2000
        },
        {
          "uuid": "d229cfb4-7599-416c-8c84-80e798dc9ffc",
          "title": "3 - Adicione a cor **preta** como a primeira cor da paleta de cores.",
          "fullFile": "",
          "file": "",
          "beforeHooks": [],
          "afterHooks": [],
          "tests": [
            {
              "title": "Verifica se a primeira cor da paleta é preta",
              "fullTitle": "3 - Adicione a cor **preta** como a primeira cor da paleta de cores. Verifica se a primeira cor da paleta é preta",
              "timedOut": null,
              "duration": 137,
              "state": "passed",
              "speed": "slow",
              "pass": true,
              "fail": false,
              "pending": false,
              "context": null,
              "code": "cy.get('.color').first().should('have.css', 'background-color', BLACK);",
              "err": {},
              "uuid": "8907a401-be94-4087-8e60-f9c0fdf9839e",
              "parentUUID": "d229cfb4-7599-416c-8c84-80e798dc9ffc",
              "isHook": false,
              "skipped": false
            },
            {
              "title": "Verifica se as demais cores podem ser escolhidas livremente.",
              "fullTitle": "3 - Adicione a cor **preta** como a primeira cor da paleta de cores. Verifica se as demais cores podem ser escolhidas livremente.",
              "timedOut": null,
              "duration": 225,
              "state": "passed",
              "speed": "slow",
              "pass": true,
              "fail": false,
              "pending": false,
              "context": null,
              "code": "cy.get('.color').eq(1).should('not.have.css', 'background-color', BLACK);\ncy.get('.color').eq(1).should('not.have.css', 'background-color', WHITE);\ncy.get('.color').eq(1).should('not.have.css', 'background-color', 'rgba(0, 0, 0, 0)');\ncy.get('.color').eq(1).should('have.css', 'background-color');\ncy.get('.color').eq(2).should('not.have.css', 'background-color', BLACK);\ncy.get('.color').eq(2).should('not.have.css', 'background-color', WHITE);\ncy.get('.color').eq(2).should('not.have.css', 'background-color', 'rgba(0, 0, 0, 0)');\ncy.get('.color').eq(2).should('have.css', 'background-color');\ncy.get('.color').eq(3).should('not.have.css', 'background-color', BLACK);\ncy.get('.color').eq(3).should('not.have.css', 'background-color', WHITE);\ncy.get('.color').eq(3).should('not.have.css', 'background-color', 'rgba(0, 0, 0, 0)');\ncy.get('.color').eq(3).should('have.css', 'background-color');",
              "err": {},
              "uuid": "732621aa-ebb9-40e5-897a-caca164de13d",
              "parentUUID": "d229cfb4-7599-416c-8c84-80e798dc9ffc",
              "isHook": false,
              "skipped": false
            }
          ],
          "suites": [],
          "passes": [
            "8907a401-be94-4087-8e60-f9c0fdf9839e",
            "732621aa-ebb9-40e5-897a-caca164de13d"
          ],
          "failures": [],
          "pending": [],
          "skipped": [],
          "duration": 362,
          "root": false,
          "rootEmpty": false,
          "_timeout": 2000
        },
        {
          "uuid": "a95ccc51-f59a-4ce3-89df-fc4e952ae586",
          "title": "4 - Adicione à página um quadro de pixels, com 25 pixels.",
          "fullFile": "",
          "file": "",
          "beforeHooks": [],
          "afterHooks": [],
          "tests": [
            {
              "title": "Verifica se o quadro de pixels possui o `id` denominado `pixel-board`",
              "fullTitle": "4 - Adicione à página um quadro de pixels, com 25 pixels. Verifica se o quadro de pixels possui o `id` denominado `pixel-board`",
              "timedOut": null,
              "duration": 95,
              "state": "passed",
              "speed": "slow",
              "pass": true,
              "fail": false,
              "pending": false,
              "context": null,
              "code": "cy.get('#pixel-board').should('be.visible');",
              "err": {},
              "uuid": "5ba4ebec-fe71-4c62-8c39-4f141d3a2a87",
              "parentUUID": "a95ccc51-f59a-4ce3-89df-fc4e952ae586",
              "isHook": false,
              "skipped": false
            },
            {
              "title": "Verifica se cada pixel individual dentro do quadro possui a `classe` denominada `pixel`.",
              "fullTitle": "4 - Adicione à página um quadro de pixels, com 25 pixels. Verifica se cada pixel individual dentro do quadro possui a `classe` denominada `pixel`.",
              "timedOut": null,
              "duration": 147,
              "state": "passed",
              "speed": "slow",
              "pass": true,
              "fail": false,
              "pending": false,
              "context": null,
              "code": "cy.get('.pixel').should('have.length', 25);",
              "err": {},
              "uuid": "34dd4e02-eb00-49cb-be2b-0e8d55b6d9f7",
              "parentUUID": "a95ccc51-f59a-4ce3-89df-fc4e952ae586",
              "isHook": false,
              "skipped": false
            },
            {
              "title": "Verifica se a cor inicial dos pixels dentro do quadro, ao abrir a página, é branca.",
              "fullTitle": "4 - Adicione à página um quadro de pixels, com 25 pixels. Verifica se a cor inicial dos pixels dentro do quadro, ao abrir a página, é branca.",
              "timedOut": null,
              "duration": 203,
              "state": "passed",
              "speed": "slow",
              "pass": true,
              "fail": false,
              "pending": false,
              "context": null,
              "code": "cy.get('.pixel').should('have.length', 25).each(function (pixel) {\n  expect(pixel).to.have.css('background-color', WHITE);\n});",
              "err": {},
              "uuid": "a25a4b83-3f12-46cf-999c-e8b4c83b4df6",
              "parentUUID": "a95ccc51-f59a-4ce3-89df-fc4e952ae586",
              "isHook": false,
              "skipped": false
            },
            {
              "title": "Verifica se o quadro de pixels aparece abaixo da paleta de cores",
              "fullTitle": "4 - Adicione à página um quadro de pixels, com 25 pixels. Verifica se o quadro de pixels aparece abaixo da paleta de cores",
              "timedOut": null,
              "duration": 113,
              "state": "passed",
              "speed": "slow",
              "pass": true,
              "fail": false,
              "pending": false,
              "context": null,
              "code": "cy.get('#color-palette').then(function (palette) {\n  cy.get('#pixel-board').should('be.belowOf', palette);\n});",
              "err": {},
              "uuid": "38e58d63-182e-4bb1-a406-defae8924d8a",
              "parentUUID": "a95ccc51-f59a-4ce3-89df-fc4e952ae586",
              "isHook": false,
              "skipped": false
            }
          ],
          "suites": [],
          "passes": [
            "5ba4ebec-fe71-4c62-8c39-4f141d3a2a87",
            "34dd4e02-eb00-49cb-be2b-0e8d55b6d9f7",
            "a25a4b83-3f12-46cf-999c-e8b4c83b4df6",
            "38e58d63-182e-4bb1-a406-defae8924d8a"
          ],
          "failures": [],
          "pending": [],
          "skipped": [],
          "duration": 558,
          "root": false,
          "rootEmpty": false,
          "_timeout": 2000
        },
        {
          "uuid": "6de0d7fb-865c-4ec7-9f00-0be2f1526eac",
          "title": "5 - Faça com que cada elemento do quadro de pixels possua 40 pixels de largura, 40 pixels de altura e seja delimitado por uma borda preta de 1 pixel.",
          "fullFile": "",
          "file": "",
          "beforeHooks": [],
          "afterHooks": [],
          "tests": [
            {
              "title": "Verifica se o quadro de pixels tem altura e comprimento de 5 elementos",
              "fullTitle": "5 - Faça com que cada elemento do quadro de pixels possua 40 pixels de largura, 40 pixels de altura e seja delimitado por uma borda preta de 1 pixel. Verifica se o quadro de pixels tem altura e comprimento de 5 elementos",
              "timedOut": null,
              "duration": 562,
              "state": "failed",
              "speed": null,
              "pass": false,
              "fail": true,
              "pending": false,
              "context": null,
              "code": "cy.get('.pixel').should('have.length', 25).each(function (pixel) {\n  expect(pixel).to.have.css('background-color', WHITE);\n}).and(function (pixels) {\n  var rows = chunk(pixels, 5);\n  rows.forEach(function (row) {\n    for (var index = 1; index < row.length; index += 1) {\n      var current = pixels[index];\n      var previous = pixels[index - 1];\n      cy.wrap(current).should('be.onTheRightOf', previous).and('be.horizontallyAlignedWith', previous);\n    }\n  });\n  for (var index = 1; index < 5; index += 1) {\n    expect(pixels[index * 5]).to.be.belowOf(pixels[(index - 1) * 5]);\n  }\n});",
              "err": {
                "message": "AssertionError: expected '<div.pixel>' to be below of <div class=\"pixel\"></div>",
                "estack": "AssertionError: expected '<div.pixel>' to be below of <div class=\"pixel\"></div>\n    at http://localhost:37233/__cypress/runner/cypress_runner.js:136161:17\n    at tryCatcher (http://localhost:37233/__cypress/runner/cypress_runner.js:167415:23)\n    at Function.Promise.attempt.Promise.try (http://localhost:37233/__cypress/runner/cypress_runner.js:164690:29)\n    at Context.shouldFnWithCallback (http://localhost:37233/__cypress/runner/cypress_runner.js:136158:23)\n    at Context.shouldFn (http://localhost:37233/__cypress/runner/cypress_runner.js:136167:35)\n    at Context.and (http://localhost:37233/__cypress/runner/cypress_runner.js:136265:23)\n    at Context.<anonymous> (http://localhost:37233/__cypress/runner/cypress_runner.js:148875:21)\n    at http://localhost:37233/__cypress/runner/cypress_runner.js:148351:33\n    at tryCatcher (http://localhost:37233/__cypress/runner/cypress_runner.js:167415:23)\n    at Promise._settlePromiseFromHandler (http://localhost:37233/__cypress/runner/cypress_runner.js:165351:31)\n    at Promise._settlePromise (http://localhost:37233/__cypress/runner/cypress_runner.js:165408:18)\n    at Promise._settlePromiseCtx (http://localhost:37233/__cypress/runner/cypress_runner.js:165445:10)\n    at Async../node_modules/bluebird/js/release/async.js.Async._drainQueue (http://localhost:37233/__cypress/runner/cypress_runner.js:162145:12)\n    at Async../node_modules/bluebird/js/release/async.js.Async._drainQueues (http://localhost:37233/__cypress/runner/cypress_runner.js:162150:10)\n    at Async.drainQueues (http://localhost:37233/__cypress/runner/cypress_runner.js:162024:14)",
                "diff": ""
              },
              "uuid": "51171265-bffd-4611-b16e-cc9a6c208fdd",
              "parentUUID": "6de0d7fb-865c-4ec7-9f00-0be2f1526eac",
              "isHook": false,
              "skipped": false
            },
            {
              "title": "Verifica se 40 pixels é o tamanho total do elemento, incluindo seu conteúdo e excluindo a borda preta, que deve ser criada à parte.",
              "fullTitle": "5 - Faça com que cada elemento do quadro de pixels possua 40 pixels de largura, 40 pixels de altura e seja delimitado por uma borda preta de 1 pixel. Verifica se 40 pixels é o tamanho total do elemento, incluindo seu conteúdo e excluindo a borda preta, que deve ser criada à parte.",
              "timedOut": null,
              "duration": 328,
              "state": "passed",
              "speed": "slow",
              "pass": true,
              "fail": false,
              "pending": false,
              "context": null,
              "code": "cy.get('.pixel').each(function (pixel) {\n  cy.wrap(pixel).should('have.css', 'height', '40px').and('have.css', 'width', '40px').and('have.css', 'border', \"1px solid \".concat(BLACK));\n});",
              "err": {},
              "uuid": "ecb00990-5821-4eff-88c1-0397a808ee02",
              "parentUUID": "6de0d7fb-865c-4ec7-9f00-0be2f1526eac",
              "isHook": false,
              "skipped": false
            }
          ],
          "suites": [],
          "passes": [
            "ecb00990-5821-4eff-88c1-0397a808ee02"
          ],
          "failures": [
            "51171265-bffd-4611-b16e-cc9a6c208fdd"
          ],
          "pending": [],
          "skipped": [],
          "duration": 890,
          "root": false,
          "rootEmpty": false,
          "_timeout": 2000
        },
        {
          "uuid": "a5be39f0-7c8a-46cb-afe1-11850a1b95d3",
          "title": "6 - Defina a cor preta como cor inicial. Ao carregar a página a cor preta já deve estar selecionada para pintar os pixels",
          "fullFile": "",
          "file": "",
          "beforeHooks": [],
          "afterHooks": [],
          "tests": [
            {
              "title": "Verifica se o elemento da cor preta possui, inicialmente, a `classe` `selected`",
              "fullTitle": "6 - Defina a cor preta como cor inicial. Ao carregar a página a cor preta já deve estar selecionada para pintar os pixels Verifica se o elemento da cor preta possui, inicialmente, a `classe` `selected`",
              "timedOut": null,
              "duration": 117,
              "state": "passed",
              "speed": "slow",
              "pass": true,
              "fail": false,
              "pending": false,
              "context": null,
              "code": "cy.get('.selected').first().should('have.css', 'background-color', BLACK);",
              "err": {},
              "uuid": "97ae302d-ead8-49ee-8c65-195b8e1e8f12",
              "parentUUID": "a5be39f0-7c8a-46cb-afe1-11850a1b95d3",
              "isHook": false,
              "skipped": false
            },
            {
              "title": "Verifica se nenhuma outra cor da paleta tem a `classe` `selected`",
              "fullTitle": "6 - Defina a cor preta como cor inicial. Ao carregar a página a cor preta já deve estar selecionada para pintar os pixels Verifica se nenhuma outra cor da paleta tem a `classe` `selected`",
              "timedOut": null,
              "duration": 93,
              "state": "passed",
              "speed": "slow",
              "pass": true,
              "fail": false,
              "pending": false,
              "context": null,
              "code": "cy.get('.color:not(:first-child)').each(function (color) {\n  cy.wrap(color).should('not.have.class', 'selected');\n});",
              "err": {},
              "uuid": "2e10707f-8aba-488d-bd16-88d538707098",
              "parentUUID": "a5be39f0-7c8a-46cb-afe1-11850a1b95d3",
              "isHook": false,
              "skipped": false
            }
          ],
          "suites": [],
          "passes": [
            "97ae302d-ead8-49ee-8c65-195b8e1e8f12",
            "2e10707f-8aba-488d-bd16-88d538707098"
          ],
          "failures": [],
          "pending": [],
          "skipped": [],
          "duration": 210,
          "root": false,
          "rootEmpty": false,
          "_timeout": 2000
        },
        {
          "uuid": "292f9bf3-1080-48a6-bb60-447b441a4e86",
          "title": "7 - Clicar em uma das cores da paleta, faz com que ela seja selecionada e utilizada para preencher os pixels no quadro.",
          "fullFile": "",
          "file": "",
          "beforeHooks": [],
          "afterHooks": [],
          "tests": [
            {
              "title": "Verifica se somente uma cor da paleta de cores tem a classe `selected` de cada vez",
              "fullTitle": "7 - Clicar em uma das cores da paleta, faz com que ela seja selecionada e utilizada para preencher os pixels no quadro. Verifica se somente uma cor da paleta de cores tem a classe `selected` de cada vez",
              "timedOut": null,
              "duration": 508,
              "state": "passed",
              "speed": "slow",
              "pass": true,
              "fail": false,
              "pending": false,
              "context": null,
              "code": "cy.get('.color').each(function (selectedColor, selectedColorIndex) {\n  cy.wrap(selectedColor).click();\n  cy.get('.color').each(function (color, colorIndex) {\n    if (colorIndex === selectedColorIndex) {\n      expect(color).to.have[\"class\"]('selected');\n    } else {\n      expect(color).not.to.have[\"class\"]('selected');\n    }\n  });\n});",
              "err": {},
              "uuid": "6db72914-74f2-4da4-8e28-cd6a6e329e02",
              "parentUUID": "292f9bf3-1080-48a6-bb60-447b441a4e86",
              "isHook": false,
              "skipped": false
            },
            {
              "title": "Verifica se os pixels dentro do quadro não têm a classe `selected` quando são clicados",
              "fullTitle": "7 - Clicar em uma das cores da paleta, faz com que ela seja selecionada e utilizada para preencher os pixels no quadro. Verifica se os pixels dentro do quadro não têm a classe `selected` quando são clicados",
              "timedOut": null,
              "duration": 8820,
              "state": "passed",
              "speed": "slow",
              "pass": true,
              "fail": false,
              "pending": false,
              "context": null,
              "code": "cy.get('.color').each(function (color) {\n  var backgroundColor = color.css('background-color');\n  cy.wrap(color).click();\n  cy.get('.pixel').each(function (pixel) {\n    cy.wrap(pixel).click().should('not.have.class', 'selected');\n  });\n});",
              "err": {},
              "uuid": "946c36b4-f51b-4789-8d6c-5b0c47b795d2",
              "parentUUID": "292f9bf3-1080-48a6-bb60-447b441a4e86",
              "isHook": false,
              "skipped": false
            }
          ],
          "suites": [],
          "passes": [
            "6db72914-74f2-4da4-8e28-cd6a6e329e02",
            "946c36b4-f51b-4789-8d6c-5b0c47b795d2"
          ],
          "failures": [],
          "pending": [],
          "skipped": [],
          "duration": 9328,
          "root": false,
          "rootEmpty": false,
          "_timeout": 2000
        },
        {
          "uuid": "a5f26619-2820-4c55-bbd6-ba98984e1c5f",
          "title": "8 - Clicar em um pixel dentro do quadro após selecionar uma cor na paleta, faz com que o pixel seja preenchido com a cor selecionada.",
          "fullFile": "",
          "file": "",
          "beforeHooks": [],
          "afterHooks": [],
          "tests": [
            {
              "title": "Verifica se ao carregar a página deve ser possível pintar os pixels de preto",
              "fullTitle": "8 - Clicar em um pixel dentro do quadro após selecionar uma cor na paleta, faz com que o pixel seja preenchido com a cor selecionada. Verifica se ao carregar a página deve ser possível pintar os pixels de preto",
              "timedOut": null,
              "duration": 4444,
              "state": "failed",
              "speed": null,
              "pass": false,
              "fail": true,
              "pending": false,
              "context": null,
              "code": "cy.get('.pixel').each(function (pixel) {\n  cy.wrap(pixel).click().should('have.css', 'background-color', BLACK);\n});",
              "err": {
                "message": "CypressError: Timed out retrying: expected '<div.pixel>' to have CSS property 'background-color' with the value 'rgb(0, 0, 0)', but the value was 'rgb(255, 255, 255)'",
                "estack": "CypressError: Timed out retrying: expected '<div.pixel>' to have CSS property 'background-color' with the value 'rgb(0, 0, 0)', but the value was 'rgb(255, 255, 255)'\n    at cypressErr (http://localhost:37233/__cypress/runner/cypress_runner.js:149934:9)\n    at throwErr (http://localhost:37233/__cypress/runner/cypress_runner.js:149867:11)\n    at Object.throwErrByPath (http://localhost:37233/__cypress/runner/cypress_runner.js:149915:3)\n    at retry (http://localhost:37233/__cypress/runner/cypress_runner.js:144197:19)\n    at onFailFn (http://localhost:37233/__cypress/runner/cypress_runner.js:132448:16)\n    at tryCatcher (http://localhost:37233/__cypress/runner/cypress_runner.js:167415:23)\n    at Promise._settlePromiseFromHandler (http://localhost:37233/__cypress/runner/cypress_runner.js:165351:31)\n    at Promise._settlePromise (http://localhost:37233/__cypress/runner/cypress_runner.js:165408:18)\n    at Promise._settlePromise0 (http://localhost:37233/__cypress/runner/cypress_runner.js:165453:10)\n    at Promise._settlePromises (http://localhost:37233/__cypress/runner/cypress_runner.js:165528:18)\n    at Async../node_modules/bluebird/js/release/async.js.Async._drainQueue (http://localhost:37233/__cypress/runner/cypress_runner.js:162140:16)\n    at Async../node_modules/bluebird/js/release/async.js.Async._drainQueues (http://localhost:37233/__cypress/runner/cypress_runner.js:162150:10)\n    at Async.drainQueues (http://localhost:37233/__cypress/runner/cypress_runner.js:162024:14)",
                "diff": null
              },
              "uuid": "92867768-4e1c-4487-a813-3c3dbcbd5c34",
              "parentUUID": "a5f26619-2820-4c55-bbd6-ba98984e1c5f",
              "isHook": false,
              "skipped": false
            },
            {
              "title": "Verifica se após selecionar uma outra cor na paleta, é possível pintar os pixels com essa cor",
              "fullTitle": "8 - Clicar em um pixel dentro do quadro após selecionar uma cor na paleta, faz com que o pixel seja preenchido com a cor selecionada. Verifica se após selecionar uma outra cor na paleta, é possível pintar os pixels com essa cor",
              "timedOut": null,
              "duration": 4513,
              "state": "failed",
              "speed": null,
              "pass": false,
              "fail": true,
              "pending": false,
              "context": null,
              "code": "cy.get('.color').each(function (color) {\n  var backgroundColor = color.css('background-color');\n  cy.wrap(color).click();\n  cy.get('.pixel').each(function (pixel) {\n    cy.wrap(pixel).click().should('have.css', 'background-color', backgroundColor);\n  });\n});",
              "err": {
                "message": "CypressError: Timed out retrying: expected '<div.pixel>' to have CSS property 'background-color' with the value 'rgb(0, 0, 0)', but the value was 'rgb(255, 255, 255)'",
                "estack": "CypressError: Timed out retrying: expected '<div.pixel>' to have CSS property 'background-color' with the value 'rgb(0, 0, 0)', but the value was 'rgb(255, 255, 255)'\n    at cypressErr (http://localhost:37233/__cypress/runner/cypress_runner.js:149934:9)\n    at throwErr (http://localhost:37233/__cypress/runner/cypress_runner.js:149867:11)\n    at Object.throwErrByPath (http://localhost:37233/__cypress/runner/cypress_runner.js:149915:3)\n    at retry (http://localhost:37233/__cypress/runner/cypress_runner.js:144197:19)\n    at onFailFn (http://localhost:37233/__cypress/runner/cypress_runner.js:132448:16)\n    at tryCatcher (http://localhost:37233/__cypress/runner/cypress_runner.js:167415:23)\n    at Promise._settlePromiseFromHandler (http://localhost:37233/__cypress/runner/cypress_runner.js:165351:31)\n    at Promise._settlePromise (http://localhost:37233/__cypress/runner/cypress_runner.js:165408:18)\n    at Promise._settlePromise0 (http://localhost:37233/__cypress/runner/cypress_runner.js:165453:10)\n    at Promise._settlePromises (http://localhost:37233/__cypress/runner/cypress_runner.js:165528:18)\n    at Async../node_modules/bluebird/js/release/async.js.Async._drainQueue (http://localhost:37233/__cypress/runner/cypress_runner.js:162140:16)\n    at Async../node_modules/bluebird/js/release/async.js.Async._drainQueues (http://localhost:37233/__cypress/runner/cypress_runner.js:162150:10)\n    at Async.drainQueues (http://localhost:37233/__cypress/runner/cypress_runner.js:162024:14)",
                "diff": null
              },
              "uuid": "bf783a92-732f-4f13-a5e4-057e4bf87201",
              "parentUUID": "a5f26619-2820-4c55-bbd6-ba98984e1c5f",
              "isHook": false,
              "skipped": false
            },
            {
              "title": "Verifica se somente o pixel que foi clicado foi preenchido com a cor selecionada, sem influenciar na cor dos demais pixels.",
              "fullTitle": "8 - Clicar em um pixel dentro do quadro após selecionar uma cor na paleta, faz com que o pixel seja preenchido com a cor selecionada. Verifica se somente o pixel que foi clicado foi preenchido com a cor selecionada, sem influenciar na cor dos demais pixels.",
              "timedOut": null,
              "duration": 1833,
              "state": "passed",
              "speed": "slow",
              "pass": true,
              "fail": false,
              "pending": false,
              "context": null,
              "code": "var colorToPixelIndexMap = {\n  0: 6,\n  1: 8,\n  2: 16,\n  3: 18\n};\ncy.get('.color').each(function (color, index) {\n  cy.wrap(color).click();\n  var backgroundColor = color.css('background-color');\n  var clickedPixelIndex = colorToPixelIndexMap[index];\n  cy.get('.pixel').eq(clickedPixelIndex).click();\n  cy.get('.pixel').eq(clickedPixelIndex - 1).should('not.have.css', 'background-color', backgroundColor);\n  cy.get('.pixel').eq(clickedPixelIndex + 1).should('not.have.css', 'background-color', backgroundColor);\n  cy.get('.pixel').eq(clickedPixelIndex - 5).should('not.have.css', 'background-color', backgroundColor);\n  cy.get('.pixel').eq(clickedPixelIndex + 5).should('not.have.css', 'background-color', backgroundColor);\n  cy.get('.pixel').eq(clickedPixelIndex - 6).should('not.have.css', 'background-color', backgroundColor);\n  cy.get('.pixel').eq(clickedPixelIndex - 4).should('not.have.css', 'background-color', backgroundColor);\n  cy.get('.pixel').eq(clickedPixelIndex + 4).should('not.have.css', 'background-color', backgroundColor);\n  cy.get('.pixel').eq(clickedPixelIndex + 6).should('not.have.css', 'background-color', backgroundColor);\n});",
              "err": {},
              "uuid": "1fc8d291-526f-48b9-a88b-d514953c3960",
              "parentUUID": "a5f26619-2820-4c55-bbd6-ba98984e1c5f",
              "isHook": false,
              "skipped": false
            }
          ],
          "suites": [],
          "passes": [
            "1fc8d291-526f-48b9-a88b-d514953c3960"
          ],
          "failures": [
            "92867768-4e1c-4487-a813-3c3dbcbd5c34",
            "bf783a92-732f-4f13-a5e4-057e4bf87201"
          ],
          "pending": [],
          "skipped": [],
          "duration": 10790,
          "root": false,
          "rootEmpty": false,
          "_timeout": 2000
        },
        {
          "uuid": "f7e8b68a-3c46-48e2-8538-6a74d5142a19",
          "title": "9 - Crie um botão que, ao ser clicado, limpa o quadro preenchendo a cor de todos seus pixels com branco.",
          "fullFile": "",
          "file": "",
          "beforeHooks": [],
          "afterHooks": [],
          "tests": [
            {
              "title": "Verifica se o botão tem o `id` denominado `clear-board`",
              "fullTitle": "9 - Crie um botão que, ao ser clicado, limpa o quadro preenchendo a cor de todos seus pixels com branco. Verifica se o botão tem o `id` denominado `clear-board`",
              "timedOut": null,
              "duration": 184,
              "state": "passed",
              "speed": "slow",
              "pass": true,
              "fail": false,
              "pending": false,
              "context": null,
              "code": "cy.get('#clear-board').should('be.visible');",
              "err": {},
              "uuid": "a5ef579d-5683-47af-8e80-086e4084eb03",
              "parentUUID": "f7e8b68a-3c46-48e2-8538-6a74d5142a19",
              "isHook": false,
              "skipped": false
            },
            {
              "title": "Verifica se o botão está posicionado entre a paleta de cores e o quadro de pixels",
              "fullTitle": "9 - Crie um botão que, ao ser clicado, limpa o quadro preenchendo a cor de todos seus pixels com branco. Verifica se o botão está posicionado entre a paleta de cores e o quadro de pixels",
              "timedOut": null,
              "duration": 137,
              "state": "passed",
              "speed": "slow",
              "pass": true,
              "fail": false,
              "pending": false,
              "context": null,
              "code": "cy.get('#color-palette').then(function (palette) {\n  cy.get('#clear-board').should('be.belowOf', palette);\n});\ncy.get('#clear-board').then(function (clearBtn) {\n  cy.get('#pixel-board').should('be.belowOf', clearBtn);\n});",
              "err": {},
              "uuid": "70a49f99-2c1b-4d8d-adbc-e713d94361c3",
              "parentUUID": "f7e8b68a-3c46-48e2-8538-6a74d5142a19",
              "isHook": false,
              "skipped": false
            },
            {
              "title": "Verifica se o texto do botão é 'Limpar'",
              "fullTitle": "9 - Crie um botão que, ao ser clicado, limpa o quadro preenchendo a cor de todos seus pixels com branco. Verifica se o texto do botão é 'Limpar'",
              "timedOut": null,
              "duration": 104,
              "state": "passed",
              "speed": "slow",
              "pass": true,
              "fail": false,
              "pending": false,
              "context": null,
              "code": "cy.get('#clear-board').should('contain.text', 'Limpar');",
              "err": {},
              "uuid": "dabf6a21-6598-45f1-a737-bc29f573dec2",
              "parentUUID": "f7e8b68a-3c46-48e2-8538-6a74d5142a19",
              "isHook": false,
              "skipped": false
            },
            {
              "title": "Verifica se ao clicar no botão, o quadro de pixels é totalmente preenchido de branco",
              "fullTitle": "9 - Crie um botão que, ao ser clicado, limpa o quadro preenchendo a cor de todos seus pixels com branco. Verifica se ao clicar no botão, o quadro de pixels é totalmente preenchido de branco",
              "timedOut": null,
              "duration": 4434,
              "state": "failed",
              "speed": null,
              "pass": false,
              "fail": true,
              "pending": false,
              "context": null,
              "code": "cy.get('.color').eq(1).then(function (color) {\n  var backgroundColor = color.css('background-color');\n  cy.wrap(color).click();\n  cy.get('.pixel').each(function (pixel) {\n    cy.wrap(pixel).click().should('have.css', 'background-color', backgroundColor);\n  });\n});\ncy.get('#clear-board').click();\ncy.get('.pixel').each(function (pixel) {\n  cy.wrap(pixel).should('have.css', 'background-color', WHITE);\n});",
              "err": {
                "message": "CypressError: Timed out retrying: expected '<div.pixel>' to have CSS property 'background-color' with the value 'rgb(255, 0, 0)', but the value was 'rgb(255, 255, 255)'",
                "estack": "CypressError: Timed out retrying: expected '<div.pixel>' to have CSS property 'background-color' with the value 'rgb(255, 0, 0)', but the value was 'rgb(255, 255, 255)'\n    at cypressErr (http://localhost:37233/__cypress/runner/cypress_runner.js:149934:9)\n    at throwErr (http://localhost:37233/__cypress/runner/cypress_runner.js:149867:11)\n    at Object.throwErrByPath (http://localhost:37233/__cypress/runner/cypress_runner.js:149915:3)\n    at retry (http://localhost:37233/__cypress/runner/cypress_runner.js:144197:19)\n    at onFailFn (http://localhost:37233/__cypress/runner/cypress_runner.js:132448:16)\n    at tryCatcher (http://localhost:37233/__cypress/runner/cypress_runner.js:167415:23)\n    at Promise._settlePromiseFromHandler (http://localhost:37233/__cypress/runner/cypress_runner.js:165351:31)\n    at Promise._settlePromise (http://localhost:37233/__cypress/runner/cypress_runner.js:165408:18)\n    at Promise._settlePromise0 (http://localhost:37233/__cypress/runner/cypress_runner.js:165453:10)\n    at Promise._settlePromises (http://localhost:37233/__cypress/runner/cypress_runner.js:165528:18)\n    at Async../node_modules/bluebird/js/release/async.js.Async._drainQueue (http://localhost:37233/__cypress/runner/cypress_runner.js:162140:16)\n    at Async../node_modules/bluebird/js/release/async.js.Async._drainQueues (http://localhost:37233/__cypress/runner/cypress_runner.js:162150:10)\n    at Async.drainQueues (http://localhost:37233/__cypress/runner/cypress_runner.js:162024:14)",
                "diff": null
              },
              "uuid": "ade704fa-8884-4dce-9aed-1d7eee48a6bc",
              "parentUUID": "f7e8b68a-3c46-48e2-8538-6a74d5142a19",
              "isHook": false,
              "skipped": false
            }
          ],
          "suites": [],
          "passes": [
            "a5ef579d-5683-47af-8e80-086e4084eb03",
            "70a49f99-2c1b-4d8d-adbc-e713d94361c3",
            "dabf6a21-6598-45f1-a737-bc29f573dec2"
          ],
          "failures": [
            "ade704fa-8884-4dce-9aed-1d7eee48a6bc"
          ],
          "pending": [],
          "skipped": [],
          "duration": 4859,
          "root": false,
          "rootEmpty": false,
          "_timeout": 2000
        },
        {
          "uuid": "4523a86c-24b8-4d1d-87de-f4a207119db6",
          "title": "10 - Faça o quadro de pixels ter seu tamanho definido pelo usuário.",
          "fullFile": "",
          "file": "",
          "beforeHooks": [],
          "afterHooks": [],
          "tests": [
            {
              "title": "Verifica se existe um input com o id `board-size`",
              "fullTitle": "10 - Faça o quadro de pixels ter seu tamanho definido pelo usuário. Verifica se existe um input com o id `board-size`",
              "timedOut": null,
              "duration": 4356,
              "state": "failed",
              "speed": null,
              "pass": false,
              "fail": true,
              "pending": false,
              "context": null,
              "code": "cy.get('#board-size').should('be.visible');",
              "err": {
                "message": "CypressError: Timed out retrying: Expected to find element: '#board-size', but never found it.",
                "estack": "CypressError: Timed out retrying: Expected to find element: '#board-size', but never found it.\n    at cypressErr (http://localhost:37233/__cypress/runner/cypress_runner.js:149934:9)\n    at throwErr (http://localhost:37233/__cypress/runner/cypress_runner.js:149867:11)\n    at Object.throwErrByPath (http://localhost:37233/__cypress/runner/cypress_runner.js:149915:3)\n    at retry (http://localhost:37233/__cypress/runner/cypress_runner.js:144197:19)\n    at onFailFn (http://localhost:37233/__cypress/runner/cypress_runner.js:132448:16)\n    at tryCatcher (http://localhost:37233/__cypress/runner/cypress_runner.js:167415:23)\n    at Promise._settlePromiseFromHandler (http://localhost:37233/__cypress/runner/cypress_runner.js:165351:31)\n    at Promise._settlePromise (http://localhost:37233/__cypress/runner/cypress_runner.js:165408:18)\n    at Promise._settlePromise0 (http://localhost:37233/__cypress/runner/cypress_runner.js:165453:10)\n    at Promise._settlePromises (http://localhost:37233/__cypress/runner/cypress_runner.js:165528:18)\n    at Async../node_modules/bluebird/js/release/async.js.Async._drainQueue (http://localhost:37233/__cypress/runner/cypress_runner.js:162140:16)\n    at Async../node_modules/bluebird/js/release/async.js.Async._drainQueues (http://localhost:37233/__cypress/runner/cypress_runner.js:162150:10)\n    at Async.drainQueues (http://localhost:37233/__cypress/runner/cypress_runner.js:162024:14)",
                "diff": null
              },
              "uuid": "26b86f8a-9edc-40ce-9800-0c4ffbbcc1c4",
              "parentUUID": "4523a86c-24b8-4d1d-87de-f4a207119db6",
              "isHook": false,
              "skipped": false
            },
            {
              "title": "Verifica se existe um botão com o id `generate-board`",
              "fullTitle": "10 - Faça o quadro de pixels ter seu tamanho definido pelo usuário. Verifica se existe um botão com o id `generate-board`",
              "timedOut": null,
              "duration": 4350,
              "state": "failed",
              "speed": null,
              "pass": false,
              "fail": true,
              "pending": false,
              "context": null,
              "code": "cy.get('#generate-board').should('be.visible');",
              "err": {
                "message": "CypressError: Timed out retrying: Expected to find element: '#generate-board', but never found it.",
                "estack": "CypressError: Timed out retrying: Expected to find element: '#generate-board', but never found it.\n    at cypressErr (http://localhost:37233/__cypress/runner/cypress_runner.js:149934:9)\n    at throwErr (http://localhost:37233/__cypress/runner/cypress_runner.js:149867:11)\n    at Object.throwErrByPath (http://localhost:37233/__cypress/runner/cypress_runner.js:149915:3)\n    at retry (http://localhost:37233/__cypress/runner/cypress_runner.js:144197:19)\n    at onFailFn (http://localhost:37233/__cypress/runner/cypress_runner.js:132448:16)\n    at tryCatcher (http://localhost:37233/__cypress/runner/cypress_runner.js:167415:23)\n    at Promise._settlePromiseFromHandler (http://localhost:37233/__cypress/runner/cypress_runner.js:165351:31)\n    at Promise._settlePromise (http://localhost:37233/__cypress/runner/cypress_runner.js:165408:18)\n    at Promise._settlePromise0 (http://localhost:37233/__cypress/runner/cypress_runner.js:165453:10)\n    at Promise._settlePromises (http://localhost:37233/__cypress/runner/cypress_runner.js:165528:18)\n    at Async../node_modules/bluebird/js/release/async.js.Async._drainQueue (http://localhost:37233/__cypress/runner/cypress_runner.js:162140:16)\n    at Async../node_modules/bluebird/js/release/async.js.Async._drainQueues (http://localhost:37233/__cypress/runner/cypress_runner.js:162150:10)\n    at Async.drainQueues (http://localhost:37233/__cypress/runner/cypress_runner.js:162024:14)",
                "diff": null
              },
              "uuid": "0396e766-66b0-47bc-8fb6-9ab21465f4ff",
              "parentUUID": "4523a86c-24b8-4d1d-87de-f4a207119db6",
              "isHook": false,
              "skipped": false
            },
            {
              "title": "Verifica se o input só aceita número maiores que zero. Essa restrição deve ser feita usando os atributos do elemento `input`",
              "fullTitle": "10 - Faça o quadro de pixels ter seu tamanho definido pelo usuário. Verifica se o input só aceita número maiores que zero. Essa restrição deve ser feita usando os atributos do elemento `input`",
              "timedOut": null,
              "duration": 4377,
              "state": "failed",
              "speed": null,
              "pass": false,
              "fail": true,
              "pending": false,
              "context": null,
              "code": "cy.get('#board-size[type=\\'number\\'][min=\\'1\\']');",
              "err": {
                "message": "CypressError: Timed out retrying: Expected to find element: '#board-size[type='number'][min='1']', but never found it.",
                "estack": "CypressError: Timed out retrying: Expected to find element: '#board-size[type='number'][min='1']', but never found it.\n    at cypressErr (http://localhost:37233/__cypress/runner/cypress_runner.js:149934:9)\n    at throwErr (http://localhost:37233/__cypress/runner/cypress_runner.js:149867:11)\n    at Object.throwErrByPath (http://localhost:37233/__cypress/runner/cypress_runner.js:149915:3)\n    at retry (http://localhost:37233/__cypress/runner/cypress_runner.js:144197:19)\n    at onFailFn (http://localhost:37233/__cypress/runner/cypress_runner.js:132448:16)\n    at tryCatcher (http://localhost:37233/__cypress/runner/cypress_runner.js:167415:23)\n    at Promise._settlePromiseFromHandler (http://localhost:37233/__cypress/runner/cypress_runner.js:165351:31)\n    at Promise._settlePromise (http://localhost:37233/__cypress/runner/cypress_runner.js:165408:18)\n    at Promise._settlePromise0 (http://localhost:37233/__cypress/runner/cypress_runner.js:165453:10)\n    at Promise._settlePromises (http://localhost:37233/__cypress/runner/cypress_runner.js:165528:18)\n    at Async../node_modules/bluebird/js/release/async.js.Async._drainQueue (http://localhost:37233/__cypress/runner/cypress_runner.js:162140:16)\n    at Async../node_modules/bluebird/js/release/async.js.Async._drainQueues (http://localhost:37233/__cypress/runner/cypress_runner.js:162150:10)\n    at Async.drainQueues (http://localhost:37233/__cypress/runner/cypress_runner.js:162024:14)",
                "diff": null
              },
              "uuid": "d6c1a5af-3d20-49a9-93a2-c97c417b33d1",
              "parentUUID": "4523a86c-24b8-4d1d-87de-f4a207119db6",
              "isHook": false,
              "skipped": false
            },
            {
              "title": "Verifica se o botão contém o texto 'VQV'",
              "fullTitle": "10 - Faça o quadro de pixels ter seu tamanho definido pelo usuário. Verifica se o botão contém o texto 'VQV'",
              "timedOut": null,
              "duration": 4337,
              "state": "failed",
              "speed": null,
              "pass": false,
              "fail": true,
              "pending": false,
              "context": null,
              "code": "cy.get('#generate-board').contains(/vqv/i);",
              "err": {
                "message": "CypressError: Timed out retrying: Expected to find element: '#generate-board', but never found it.",
                "estack": "CypressError: Timed out retrying: Expected to find element: '#generate-board', but never found it.\n    at cypressErr (http://localhost:37233/__cypress/runner/cypress_runner.js:149934:9)\n    at throwErr (http://localhost:37233/__cypress/runner/cypress_runner.js:149867:11)\n    at Object.throwErrByPath (http://localhost:37233/__cypress/runner/cypress_runner.js:149915:3)\n    at retry (http://localhost:37233/__cypress/runner/cypress_runner.js:144197:19)\n    at onFailFn (http://localhost:37233/__cypress/runner/cypress_runner.js:132448:16)\n    at tryCatcher (http://localhost:37233/__cypress/runner/cypress_runner.js:167415:23)\n    at Promise._settlePromiseFromHandler (http://localhost:37233/__cypress/runner/cypress_runner.js:165351:31)\n    at Promise._settlePromise (http://localhost:37233/__cypress/runner/cypress_runner.js:165408:18)\n    at Promise._settlePromise0 (http://localhost:37233/__cypress/runner/cypress_runner.js:165453:10)\n    at Promise._settlePromises (http://localhost:37233/__cypress/runner/cypress_runner.js:165528:18)\n    at Async../node_modules/bluebird/js/release/async.js.Async._drainQueue (http://localhost:37233/__cypress/runner/cypress_runner.js:162140:16)\n    at Async../node_modules/bluebird/js/release/async.js.Async._drainQueues (http://localhost:37233/__cypress/runner/cypress_runner.js:162150:10)\n    at Async.drainQueues (http://localhost:37233/__cypress/runner/cypress_runner.js:162024:14)",
                "diff": null
              },
              "uuid": "392f3937-6e56-4a99-a2e4-a11481c9c931",
              "parentUUID": "4523a86c-24b8-4d1d-87de-f4a207119db6",
              "isHook": false,
              "skipped": false
            },
            {
              "title": "Verifica se o input está posicionado entre a paleta de cores e o quadro de pixels",
              "fullTitle": "10 - Faça o quadro de pixels ter seu tamanho definido pelo usuário. Verifica se o input está posicionado entre a paleta de cores e o quadro de pixels",
              "timedOut": null,
              "duration": 4394,
              "state": "failed",
              "speed": null,
              "pass": false,
              "fail": true,
              "pending": false,
              "context": null,
              "code": "cy.get('#color-palette').then(function (palette) {\n  cy.get('#board-size').should('be.belowOf', palette);\n});\ncy.get('#board-size').then(function (palette) {\n  cy.get('#pixel-board').should('be.belowOf', palette);\n});",
              "err": {
                "message": "CypressError: Timed out retrying: Expected to find element: '#board-size', but never found it.",
                "estack": "CypressError: Timed out retrying: Expected to find element: '#board-size', but never found it.\n    at cypressErr (http://localhost:37233/__cypress/runner/cypress_runner.js:149934:9)\n    at throwErr (http://localhost:37233/__cypress/runner/cypress_runner.js:149867:11)\n    at Object.throwErrByPath (http://localhost:37233/__cypress/runner/cypress_runner.js:149915:3)\n    at retry (http://localhost:37233/__cypress/runner/cypress_runner.js:144197:19)\n    at onFailFn (http://localhost:37233/__cypress/runner/cypress_runner.js:132448:16)\n    at tryCatcher (http://localhost:37233/__cypress/runner/cypress_runner.js:167415:23)\n    at Promise._settlePromiseFromHandler (http://localhost:37233/__cypress/runner/cypress_runner.js:165351:31)\n    at Promise._settlePromise (http://localhost:37233/__cypress/runner/cypress_runner.js:165408:18)\n    at Promise._settlePromise0 (http://localhost:37233/__cypress/runner/cypress_runner.js:165453:10)\n    at Promise._settlePromises (http://localhost:37233/__cypress/runner/cypress_runner.js:165528:18)\n    at Async../node_modules/bluebird/js/release/async.js.Async._drainQueue (http://localhost:37233/__cypress/runner/cypress_runner.js:162140:16)\n    at Async../node_modules/bluebird/js/release/async.js.Async._drainQueues (http://localhost:37233/__cypress/runner/cypress_runner.js:162150:10)\n    at Async.drainQueues (http://localhost:37233/__cypress/runner/cypress_runner.js:162024:14)",
                "diff": null
              },
              "uuid": "2ca2f43c-8707-4beb-b67b-a08da20d6636",
              "parentUUID": "4523a86c-24b8-4d1d-87de-f4a207119db6",
              "isHook": false,
              "skipped": false
            },
            {
              "title": "Verifica se o botão está posicionado ao lado do input",
              "fullTitle": "10 - Faça o quadro de pixels ter seu tamanho definido pelo usuário. Verifica se o botão está posicionado ao lado do input",
              "timedOut": null,
              "duration": 4365,
              "state": "failed",
              "speed": null,
              "pass": false,
              "fail": true,
              "pending": false,
              "context": null,
              "code": "cy.get('#board-size').then(function (board) {\n  cy.get('#generate-board').should('be.onTheRightOf', board);\n});",
              "err": {
                "message": "CypressError: Timed out retrying: Expected to find element: '#board-size', but never found it.",
                "estack": "CypressError: Timed out retrying: Expected to find element: '#board-size', but never found it.\n    at cypressErr (http://localhost:37233/__cypress/runner/cypress_runner.js:149934:9)\n    at throwErr (http://localhost:37233/__cypress/runner/cypress_runner.js:149867:11)\n    at Object.throwErrByPath (http://localhost:37233/__cypress/runner/cypress_runner.js:149915:3)\n    at retry (http://localhost:37233/__cypress/runner/cypress_runner.js:144197:19)\n    at onFailFn (http://localhost:37233/__cypress/runner/cypress_runner.js:132448:16)\n    at tryCatcher (http://localhost:37233/__cypress/runner/cypress_runner.js:167415:23)\n    at Promise._settlePromiseFromHandler (http://localhost:37233/__cypress/runner/cypress_runner.js:165351:31)\n    at Promise._settlePromise (http://localhost:37233/__cypress/runner/cypress_runner.js:165408:18)\n    at Promise._settlePromise0 (http://localhost:37233/__cypress/runner/cypress_runner.js:165453:10)\n    at Promise._settlePromises (http://localhost:37233/__cypress/runner/cypress_runner.js:165528:18)\n    at Async../node_modules/bluebird/js/release/async.js.Async._drainQueue (http://localhost:37233/__cypress/runner/cypress_runner.js:162140:16)\n    at Async../node_modules/bluebird/js/release/async.js.Async._drainQueues (http://localhost:37233/__cypress/runner/cypress_runner.js:162150:10)\n    at Async.drainQueues (http://localhost:37233/__cypress/runner/cypress_runner.js:162024:14)",
                "diff": null
              },
              "uuid": "1603435a-f0cc-4862-8dca-f824b820d20f",
              "parentUUID": "4523a86c-24b8-4d1d-87de-f4a207119db6",
              "isHook": false,
              "skipped": false
            },
            {
              "title": "Verifica se nenhum valor for colocado no input ao clicar no botão, um `alert` é exibido com o texto: 'Board inválido!'",
              "fullTitle": "10 - Faça o quadro de pixels ter seu tamanho definido pelo usuário. Verifica se nenhum valor for colocado no input ao clicar no botão, um `alert` é exibido com o texto: 'Board inválido!'",
              "timedOut": null,
              "duration": 4351,
              "state": "failed",
              "speed": null,
              "pass": false,
              "fail": true,
              "pending": false,
              "context": null,
              "code": "var alerted = false;\ncy.on('window:alert', function (msg) {\n  return alerted = msg;\n});\ncy.get('#generate-board').click().then(function () {\n  return expect(alerted).to.match(/Board inválido!/i);\n});",
              "err": {
                "message": "CypressError: Timed out retrying: Expected to find element: '#generate-board', but never found it.",
                "estack": "CypressError: Timed out retrying: Expected to find element: '#generate-board', but never found it.\n    at cypressErr (http://localhost:37233/__cypress/runner/cypress_runner.js:149934:9)\n    at throwErr (http://localhost:37233/__cypress/runner/cypress_runner.js:149867:11)\n    at Object.throwErrByPath (http://localhost:37233/__cypress/runner/cypress_runner.js:149915:3)\n    at retry (http://localhost:37233/__cypress/runner/cypress_runner.js:144197:19)\n    at onFailFn (http://localhost:37233/__cypress/runner/cypress_runner.js:132448:16)\n    at tryCatcher (http://localhost:37233/__cypress/runner/cypress_runner.js:167415:23)\n    at Promise._settlePromiseFromHandler (http://localhost:37233/__cypress/runner/cypress_runner.js:165351:31)\n    at Promise._settlePromise (http://localhost:37233/__cypress/runner/cypress_runner.js:165408:18)\n    at Promise._settlePromise0 (http://localhost:37233/__cypress/runner/cypress_runner.js:165453:10)\n    at Promise._settlePromises (http://localhost:37233/__cypress/runner/cypress_runner.js:165528:18)\n    at Async../node_modules/bluebird/js/release/async.js.Async._drainQueue (http://localhost:37233/__cypress/runner/cypress_runner.js:162140:16)\n    at Async../node_modules/bluebird/js/release/async.js.Async._drainQueues (http://localhost:37233/__cypress/runner/cypress_runner.js:162150:10)\n    at Async.drainQueues (http://localhost:37233/__cypress/runner/cypress_runner.js:162024:14)",
                "diff": null
              },
              "uuid": "cb89d4e6-ca0e-4cf4-a591-1da4379b27ae",
              "parentUUID": "4523a86c-24b8-4d1d-87de-f4a207119db6",
              "isHook": false,
              "skipped": false
            },
            {
              "title": "Verifica se ao clicar no botão com um valor preenchido, o tamanho do board muda.",
              "fullTitle": "10 - Faça o quadro de pixels ter seu tamanho definido pelo usuário. Verifica se ao clicar no botão com um valor preenchido, o tamanho do board muda.",
              "timedOut": null,
              "duration": 4356,
              "state": "failed",
              "speed": null,
              "pass": false,
              "fail": true,
              "pending": false,
              "context": null,
              "code": "cy.get('#board-size').clear().type(10);\ncy.get('#generate-board').click();\ncy.get('.pixel').should('have.length', 100);",
              "err": {
                "message": "CypressError: Timed out retrying: Expected to find element: '#board-size', but never found it.",
                "estack": "CypressError: Timed out retrying: Expected to find element: '#board-size', but never found it.\n    at cypressErr (http://localhost:37233/__cypress/runner/cypress_runner.js:149934:9)\n    at throwErr (http://localhost:37233/__cypress/runner/cypress_runner.js:149867:11)\n    at Object.throwErrByPath (http://localhost:37233/__cypress/runner/cypress_runner.js:149915:3)\n    at retry (http://localhost:37233/__cypress/runner/cypress_runner.js:144197:19)\n    at onFailFn (http://localhost:37233/__cypress/runner/cypress_runner.js:132448:16)\n    at tryCatcher (http://localhost:37233/__cypress/runner/cypress_runner.js:167415:23)\n    at Promise._settlePromiseFromHandler (http://localhost:37233/__cypress/runner/cypress_runner.js:165351:31)\n    at Promise._settlePromise (http://localhost:37233/__cypress/runner/cypress_runner.js:165408:18)\n    at Promise._settlePromise0 (http://localhost:37233/__cypress/runner/cypress_runner.js:165453:10)\n    at Promise._settlePromises (http://localhost:37233/__cypress/runner/cypress_runner.js:165528:18)\n    at Async../node_modules/bluebird/js/release/async.js.Async._drainQueue (http://localhost:37233/__cypress/runner/cypress_runner.js:162140:16)\n    at Async../node_modules/bluebird/js/release/async.js.Async._drainQueues (http://localhost:37233/__cypress/runner/cypress_runner.js:162150:10)\n    at Async.drainQueues (http://localhost:37233/__cypress/runner/cypress_runner.js:162024:14)",
                "diff": null
              },
              "uuid": "c0bfb238-4618-4d14-bf55-0f0d03be1622",
              "parentUUID": "4523a86c-24b8-4d1d-87de-f4a207119db6",
              "isHook": false,
              "skipped": false
            },
            {
              "title": "Verifica se o novo quadro tem todos os pixels preenchidos com a cor branca",
              "fullTitle": "10 - Faça o quadro de pixels ter seu tamanho definido pelo usuário. Verifica se o novo quadro tem todos os pixels preenchidos com a cor branca",
              "timedOut": null,
              "duration": 4385,
              "state": "failed",
              "speed": null,
              "pass": false,
              "fail": true,
              "pending": false,
              "context": null,
              "code": "cy.get('#board-size').clear().type(6);\ncy.get('#generate-board').click();\ncy.get('.pixel').should('have.length', 36).each(function (pixel) {\n  expect(pixel).to.have.css('background-color', WHITE);\n});",
              "err": {
                "message": "CypressError: Timed out retrying: Expected to find element: '#board-size', but never found it.",
                "estack": "CypressError: Timed out retrying: Expected to find element: '#board-size', but never found it.\n    at cypressErr (http://localhost:37233/__cypress/runner/cypress_runner.js:149934:9)\n    at throwErr (http://localhost:37233/__cypress/runner/cypress_runner.js:149867:11)\n    at Object.throwErrByPath (http://localhost:37233/__cypress/runner/cypress_runner.js:149915:3)\n    at retry (http://localhost:37233/__cypress/runner/cypress_runner.js:144197:19)\n    at onFailFn (http://localhost:37233/__cypress/runner/cypress_runner.js:132448:16)\n    at tryCatcher (http://localhost:37233/__cypress/runner/cypress_runner.js:167415:23)\n    at Promise._settlePromiseFromHandler (http://localhost:37233/__cypress/runner/cypress_runner.js:165351:31)\n    at Promise._settlePromise (http://localhost:37233/__cypress/runner/cypress_runner.js:165408:18)\n    at Promise._settlePromise0 (http://localhost:37233/__cypress/runner/cypress_runner.js:165453:10)\n    at Promise._settlePromises (http://localhost:37233/__cypress/runner/cypress_runner.js:165528:18)\n    at Async../node_modules/bluebird/js/release/async.js.Async._drainQueue (http://localhost:37233/__cypress/runner/cypress_runner.js:162140:16)\n    at Async../node_modules/bluebird/js/release/async.js.Async._drainQueues (http://localhost:37233/__cypress/runner/cypress_runner.js:162150:10)\n    at Async.drainQueues (http://localhost:37233/__cypress/runner/cypress_runner.js:162024:14)",
                "diff": null
              },
              "uuid": "698fde54-0a50-4007-a7ed-134fb14a32ec",
              "parentUUID": "4523a86c-24b8-4d1d-87de-f4a207119db6",
              "isHook": false,
              "skipped": false
            }
          ],
          "suites": [],
          "passes": [],
          "failures": [
            "26b86f8a-9edc-40ce-9800-0c4ffbbcc1c4",
            "0396e766-66b0-47bc-8fb6-9ab21465f4ff",
            "d6c1a5af-3d20-49a9-93a2-c97c417b33d1",
            "392f3937-6e56-4a99-a2e4-a11481c9c931",
            "2ca2f43c-8707-4beb-b67b-a08da20d6636",
            "1603435a-f0cc-4862-8dca-f824b820d20f",
            "cb89d4e6-ca0e-4cf4-a591-1da4379b27ae",
            "c0bfb238-4618-4d14-bf55-0f0d03be1622",
            "698fde54-0a50-4007-a7ed-134fb14a32ec"
          ],
          "pending": [],
          "skipped": [],
          "duration": 39271,
          "root": false,
          "rootEmpty": false,
          "_timeout": 2000
        },
        {
          "uuid": "c257fc00-7332-4505-b9a5-f84aeaa469a3",
          "title": "11 - Limite o tamanho mínimo e máximo do board.",
          "fullFile": "",
          "file": "",
          "beforeHooks": [],
          "afterHooks": [],
          "tests": [
            {
              "title": "Verifica se a altura máxima do board é 50",
              "fullTitle": "11 - Limite o tamanho mínimo e máximo do board. Verifica se a altura máxima do board é 50",
              "timedOut": null,
              "duration": 4330,
              "state": "failed",
              "speed": null,
              "pass": false,
              "fail": true,
              "pending": false,
              "context": null,
              "code": "cy.get('#board-size').clear().type(50);\ncy.get('#generate-board').click();\ncy.get('.pixel').should('have.length', 2500);",
              "err": {
                "message": "CypressError: Timed out retrying: Expected to find element: '#board-size', but never found it.",
                "estack": "CypressError: Timed out retrying: Expected to find element: '#board-size', but never found it.\n    at cypressErr (http://localhost:37233/__cypress/runner/cypress_runner.js:149934:9)\n    at throwErr (http://localhost:37233/__cypress/runner/cypress_runner.js:149867:11)\n    at Object.throwErrByPath (http://localhost:37233/__cypress/runner/cypress_runner.js:149915:3)\n    at retry (http://localhost:37233/__cypress/runner/cypress_runner.js:144197:19)\n    at onFailFn (http://localhost:37233/__cypress/runner/cypress_runner.js:132448:16)\n    at tryCatcher (http://localhost:37233/__cypress/runner/cypress_runner.js:167415:23)\n    at Promise._settlePromiseFromHandler (http://localhost:37233/__cypress/runner/cypress_runner.js:165351:31)\n    at Promise._settlePromise (http://localhost:37233/__cypress/runner/cypress_runner.js:165408:18)\n    at Promise._settlePromise0 (http://localhost:37233/__cypress/runner/cypress_runner.js:165453:10)\n    at Promise._settlePromises (http://localhost:37233/__cypress/runner/cypress_runner.js:165528:18)\n    at Async../node_modules/bluebird/js/release/async.js.Async._drainQueue (http://localhost:37233/__cypress/runner/cypress_runner.js:162140:16)\n    at Async../node_modules/bluebird/js/release/async.js.Async._drainQueues (http://localhost:37233/__cypress/runner/cypress_runner.js:162150:10)\n    at Async.drainQueues (http://localhost:37233/__cypress/runner/cypress_runner.js:162024:14)",
                "diff": null
              },
              "uuid": "e442b554-1813-409d-9b37-74440331c93f",
              "parentUUID": "c257fc00-7332-4505-b9a5-f84aeaa469a3",
              "isHook": false,
              "skipped": false
            },
            {
              "title": "Verifica se a altura do board é 5 quando um valor menor é colocado no input",
              "fullTitle": "11 - Limite o tamanho mínimo e máximo do board. Verifica se a altura do board é 5 quando um valor menor é colocado no input",
              "timedOut": null,
              "duration": 4324,
              "state": "failed",
              "speed": null,
              "pass": false,
              "fail": true,
              "pending": false,
              "context": null,
              "code": "cy.get('#board-size').clear().type(4);\ncy.get('#generate-board').click();\ncy.get('.pixel').should('have.length', 25);",
              "err": {
                "message": "CypressError: Timed out retrying: Expected to find element: '#board-size', but never found it.",
                "estack": "CypressError: Timed out retrying: Expected to find element: '#board-size', but never found it.\n    at cypressErr (http://localhost:37233/__cypress/runner/cypress_runner.js:149934:9)\n    at throwErr (http://localhost:37233/__cypress/runner/cypress_runner.js:149867:11)\n    at Object.throwErrByPath (http://localhost:37233/__cypress/runner/cypress_runner.js:149915:3)\n    at retry (http://localhost:37233/__cypress/runner/cypress_runner.js:144197:19)\n    at onFailFn (http://localhost:37233/__cypress/runner/cypress_runner.js:132448:16)\n    at tryCatcher (http://localhost:37233/__cypress/runner/cypress_runner.js:167415:23)\n    at Promise._settlePromiseFromHandler (http://localhost:37233/__cypress/runner/cypress_runner.js:165351:31)\n    at Promise._settlePromise (http://localhost:37233/__cypress/runner/cypress_runner.js:165408:18)\n    at Promise._settlePromise0 (http://localhost:37233/__cypress/runner/cypress_runner.js:165453:10)\n    at Promise._settlePromises (http://localhost:37233/__cypress/runner/cypress_runner.js:165528:18)\n    at Async../node_modules/bluebird/js/release/async.js.Async._drainQueue (http://localhost:37233/__cypress/runner/cypress_runner.js:162140:16)\n    at Async../node_modules/bluebird/js/release/async.js.Async._drainQueues (http://localhost:37233/__cypress/runner/cypress_runner.js:162150:10)\n    at Async.drainQueues (http://localhost:37233/__cypress/runner/cypress_runner.js:162024:14)",
                "diff": null
              },
              "uuid": "207a1924-5f81-43bf-9ff6-108c6ac051b3",
              "parentUUID": "c257fc00-7332-4505-b9a5-f84aeaa469a3",
              "isHook": false,
              "skipped": false
            },
            {
              "title": "Verifica se a altura do board é 50 quando um valor maior é colocado no input",
              "fullTitle": "11 - Limite o tamanho mínimo e máximo do board. Verifica se a altura do board é 50 quando um valor maior é colocado no input",
              "timedOut": null,
              "duration": 4343,
              "state": "failed",
              "speed": null,
              "pass": false,
              "fail": true,
              "pending": false,
              "context": null,
              "code": "cy.get('#board-size').clear().type(51);\ncy.get('#generate-board').click();\ncy.get('.pixel').should('have.length', 2500);",
              "err": {
                "message": "CypressError: Timed out retrying: Expected to find element: '#board-size', but never found it.",
                "estack": "CypressError: Timed out retrying: Expected to find element: '#board-size', but never found it.\n    at cypressErr (http://localhost:37233/__cypress/runner/cypress_runner.js:149934:9)\n    at throwErr (http://localhost:37233/__cypress/runner/cypress_runner.js:149867:11)\n    at Object.throwErrByPath (http://localhost:37233/__cypress/runner/cypress_runner.js:149915:3)\n    at retry (http://localhost:37233/__cypress/runner/cypress_runner.js:144197:19)\n    at onFailFn (http://localhost:37233/__cypress/runner/cypress_runner.js:132448:16)\n    at tryCatcher (http://localhost:37233/__cypress/runner/cypress_runner.js:167415:23)\n    at Promise._settlePromiseFromHandler (http://localhost:37233/__cypress/runner/cypress_runner.js:165351:31)\n    at Promise._settlePromise (http://localhost:37233/__cypress/runner/cypress_runner.js:165408:18)\n    at Promise._settlePromise0 (http://localhost:37233/__cypress/runner/cypress_runner.js:165453:10)\n    at Promise._settlePromises (http://localhost:37233/__cypress/runner/cypress_runner.js:165528:18)\n    at Async../node_modules/bluebird/js/release/async.js.Async._drainQueue (http://localhost:37233/__cypress/runner/cypress_runner.js:162140:16)\n    at Async../node_modules/bluebird/js/release/async.js.Async._drainQueues (http://localhost:37233/__cypress/runner/cypress_runner.js:162150:10)\n    at Async.drainQueues (http://localhost:37233/__cypress/runner/cypress_runner.js:162024:14)",
                "diff": null
              },
              "uuid": "506a274d-b291-4859-9e21-4598d185e1e4",
              "parentUUID": "c257fc00-7332-4505-b9a5-f84aeaa469a3",
              "isHook": false,
              "skipped": false
            }
          ],
          "suites": [],
          "passes": [],
          "failures": [
            "e442b554-1813-409d-9b37-74440331c93f",
            "207a1924-5f81-43bf-9ff6-108c6ac051b3",
            "506a274d-b291-4859-9e21-4598d185e1e4"
          ],
          "pending": [],
          "skipped": [],
          "duration": 12997,
          "root": false,
          "rootEmpty": false,
          "_timeout": 2000
        },
        {
          "uuid": "d0c90c89-dd63-4632-9fc2-7e3b09787724",
          "title": "12 - Faça com que as cores da paleta sejam geradas aleatoriamente ao carregar a página.",
          "fullFile": "",
          "file": "",
          "beforeHooks": [],
          "afterHooks": [],
          "tests": [
            {
              "title": "Verifica se as cores geradas na paleta são diferentes a cada carregamento da página",
              "fullTitle": "12 - Faça com que as cores da paleta sejam geradas aleatoriamente ao carregar a página. Verifica se as cores geradas na paleta são diferentes a cada carregamento da página",
              "timedOut": null,
              "duration": 469,
              "state": "failed",
              "speed": null,
              "pass": false,
              "fail": true,
              "pending": false,
              "context": null,
              "code": "cy.get('.color').then(function (colors) {\n  var currentColors;\n  var previousColors;\n  previousColors = Array.from(colors).map(function (color) {\n    return Cypress.$(color).css('background-color');\n  });\n  for (var i = 0; i < 5; i += 1) {\n    cy.reload();\n    cy.get('.color').then(function (colors) {\n      currentColors = Array.from(colors).map(function (color) {\n        return Cypress.$(color).css('background-color');\n      });\n      expect(currentColors).not.to.deep.equal(previousColors);\n      previousColors = currentColors;\n    });\n  }\n});",
              "err": {
                "message": "AssertionError: expected [ Array(4) ] to not deeply equal [ Array(4) ]",
                "estack": "AssertionError: expected [ Array(4) ] to not deeply equal [ Array(4) ]\n    at getRet (http://localhost:37233/__cypress/runner/cypress_runner.js:136585:16)\n    at tryCatcher (http://localhost:37233/__cypress/runner/cypress_runner.js:167415:23)\n    at Function.Promise.attempt.Promise.try (http://localhost:37233/__cypress/runner/cypress_runner.js:164690:29)\n    at Context.thenFn (http://localhost:37233/__cypress/runner/cypress_runner.js:136599:23)\n    at Context.then (http://localhost:37233/__cypress/runner/cypress_runner.js:136971:21)\n    at Context.<anonymous> (http://localhost:37233/__cypress/runner/cypress_runner.js:148875:21)\n    at http://localhost:37233/__cypress/runner/cypress_runner.js:148351:33\n    at tryCatcher (http://localhost:37233/__cypress/runner/cypress_runner.js:167415:23)\n    at Promise._settlePromiseFromHandler (http://localhost:37233/__cypress/runner/cypress_runner.js:165351:31)\n    at Promise._settlePromise (http://localhost:37233/__cypress/runner/cypress_runner.js:165408:18)\n    at Promise._settlePromiseCtx (http://localhost:37233/__cypress/runner/cypress_runner.js:165445:10)\n    at Async../node_modules/bluebird/js/release/async.js.Async._drainQueue (http://localhost:37233/__cypress/runner/cypress_runner.js:162145:12)\n    at Async../node_modules/bluebird/js/release/async.js.Async._drainQueues (http://localhost:37233/__cypress/runner/cypress_runner.js:162150:10)\n    at Async.drainQueues (http://localhost:37233/__cypress/runner/cypress_runner.js:162024:14)",
                "diff": ""
              },
              "uuid": "a5aac8f6-8cc0-4d03-b6f9-48ecc371c668",
              "parentUUID": "d0c90c89-dd63-4632-9fc2-7e3b09787724",
              "isHook": false,
              "skipped": false
            },
            {
              "title": "Verifica se a cor preta ainda está presente e é a primeira na sua paleta de cores",
              "fullTitle": "12 - Faça com que as cores da paleta sejam geradas aleatoriamente ao carregar a página. Verifica se a cor preta ainda está presente e é a primeira na sua paleta de cores",
              "timedOut": null,
              "duration": 389,
              "state": "failed",
              "speed": null,
              "pass": false,
              "fail": true,
              "pending": false,
              "context": null,
              "code": "cy.get('.color').then(function (colors) {\n  var currentColors;\n  var previousColors;\n  previousColors = Array.from(colors).map(function (color) {\n    return Cypress.$(color).css('background-color');\n  });\n  expect(previousColors[0]).to.eq(BLACK);\n  for (var i = 0; i < 5; i += 1) {\n    cy.reload();\n    cy.get('.color').then(function (colors) {\n      currentColors = Array.from(colors).map(function (color) {\n        return Cypress.$(color).css('background-color');\n      });\n      expect(currentColors[0]).to.eq(BLACK);\n      expect(currentColors).not.to.deep.equal(previousColors);\n      previousColors = currentColors;\n    });\n  }\n});",
              "err": {
                "message": "AssertionError: expected [ Array(4) ] to not deeply equal [ Array(4) ]",
                "estack": "AssertionError: expected [ Array(4) ] to not deeply equal [ Array(4) ]\n    at getRet (http://localhost:37233/__cypress/runner/cypress_runner.js:136585:16)\n    at tryCatcher (http://localhost:37233/__cypress/runner/cypress_runner.js:167415:23)\n    at Function.Promise.attempt.Promise.try (http://localhost:37233/__cypress/runner/cypress_runner.js:164690:29)\n    at Context.thenFn (http://localhost:37233/__cypress/runner/cypress_runner.js:136599:23)\n    at Context.then (http://localhost:37233/__cypress/runner/cypress_runner.js:136971:21)\n    at Context.<anonymous> (http://localhost:37233/__cypress/runner/cypress_runner.js:148875:21)\n    at http://localhost:37233/__cypress/runner/cypress_runner.js:148351:33\n    at tryCatcher (http://localhost:37233/__cypress/runner/cypress_runner.js:167415:23)\n    at Promise._settlePromiseFromHandler (http://localhost:37233/__cypress/runner/cypress_runner.js:165351:31)\n    at Promise._settlePromise (http://localhost:37233/__cypress/runner/cypress_runner.js:165408:18)\n    at Promise._settlePromiseCtx (http://localhost:37233/__cypress/runner/cypress_runner.js:165445:10)\n    at Async../node_modules/bluebird/js/release/async.js.Async._drainQueue (http://localhost:37233/__cypress/runner/cypress_runner.js:162145:12)\n    at Async../node_modules/bluebird/js/release/async.js.Async._drainQueues (http://localhost:37233/__cypress/runner/cypress_runner.js:162150:10)\n    at Async.drainQueues (http://localhost:37233/__cypress/runner/cypress_runner.js:162024:14)",
                "diff": ""
              },
              "uuid": "414b59cd-4e96-4a4c-b171-10c9073c2ba5",
              "parentUUID": "d0c90c89-dd63-4632-9fc2-7e3b09787724",
              "isHook": false,
              "skipped": false
            }
          ],
          "suites": [],
          "passes": [],
          "failures": [
            "a5aac8f6-8cc0-4d03-b6f9-48ecc371c668",
            "414b59cd-4e96-4a4c-b171-10c9073c2ba5"
          ],
          "pending": [],
          "skipped": [],
          "duration": 858,
          "root": false,
          "rootEmpty": false,
          "_timeout": 2000
        }
      ],
      "passes": [],
      "failures": [],
      "pending": [],
      "skipped": [],
      "duration": 0,
      "root": true,
      "rootEmpty": true,
      "_timeout": 2000
    }
  ],
  "meta": {
    "mocha": {
      "version": "7.0.1"
    },
    "mochawesome": {
      "options": {
        "quiet": false,
        "reportFilename": "mochawesome",
        "saveHtml": false,
        "saveJson": true,
        "consoleReporter": "spec",
        "useInlineDiffs": false
      },
      "version": "4.1.0"
    },
    "marge": {
      "options": {
        "id": "default",
        "reportDir": "cypress/reports",
        "overwrite": true,
        "html": false,
        "json": true
      },
      "version": "4.1.0"
    }
  }
}